<?xml version="1.0" encoding="UTF-8"?>
<Site BuildName="(empty)"
	BuildStamp="20231113-1932-Experimental"
	Name="(empty)"
	Generator="ctest-3.28.0-rc4"
	CompilerName=""
	CompilerVersion=""
	OSName="Windows"
	Hostname="Kyle-M16"
	OSRelease=" Personal"
	OSVersion=" (Build 22621)"
	OSPlatform="AMD64"
	Is64Bits="1"
	VendorString="GenuineIntel"
	VendorID="Intel Corporation"
	FamilyID="6"
	ModelID="10"
	ProcessorCacheSize="-1"
	NumberOfLogicalCPU="20"
	NumberOfPhysicalCPU="14"
	TotalVirtualMemory="38124"
	TotalPhysicalMemory="24267"
	LogicalProcessorsPerPhysical="1"
	ProcessorClockFrequency="2918"
	>
	<Testing>
		<StartDateTime>Nov 13 17:14 Eastern Standard Time</StartDateTime>
		<StartTestTime>1699913645</StartTestTime>
		<TestList/>
		<EndDateTime>Nov 13 17:14 Eastern Standard Time</EndDateTime>
		<EndTestTime>1699913645</EndTestTime>
		<ElapsedMinutes>0</ElapsedMinutes>
	</Testing>
</Site>
